<?xml version="1.0" encoding="UTF-8"?>
<testsuite name="se1.hu4.calculator.UnknownCalculatorTest" tests="11" skipped="0" failures="0" errors="0" timestamp="2022-03-08T10:28:28" hostname="2LAP104321SUM" time="0.026">
  <properties/>
  <testcase name="divisionWithOff()" classname="se1.hu4.calculator.UnknownCalculatorTest" time="0.01"/>
  <testcase name="divisionWithOn()" classname="se1.hu4.calculator.UnknownCalculatorTest" time="0.001"/>
  <testcase name="subtractionWithOn()" classname="se1.hu4.calculator.UnknownCalculatorTest" time="0.001"/>
  <testcase name="boundaries()" classname="se1.hu4.calculator.UnknownCalculatorTest" time="0.002"/>
  <testcase name="additionWithOn()" classname="se1.hu4.calculator.UnknownCalculatorTest" time="0.0"/>
  <testcase name="multiplicationWithOff()" classname="se1.hu4.calculator.UnknownCalculatorTest" time="0.001"/>
  <testcase name="additionWithOff()" classname="se1.hu4.calculator.UnknownCalculatorTest" time="0.001"/>
  <testcase name="switchOnAndOff()" classname="se1.hu4.calculator.UnknownCalculatorTest" time="0.002"/>
  <testcase name="multiplicationWithOn()" classname="se1.hu4.calculator.UnknownCalculatorTest" time="0.001"/>
  <testcase name="subtractionWithOff()" classname="se1.hu4.calculator.UnknownCalculatorTest" time="0.001"/>
  <testcase name="divisionByZero()" classname="se1.hu4.calculator.UnknownCalculatorTest" time="0.001"/>
  <system-out><![CDATA[>>@BeforeAll
*Calculator on*
*Calculator on*
*Calculator on*
*Calculator on*
*Calculator on*
*Calculator off*
*Calculator on*
*Calculator on*
>>@AfterAll
]]></system-out>
  <system-err><![CDATA[]]></system-err>
</testsuite>
